<?xml version="1.0" encoding="UTF-8"?>
<!-- Generated by org.testng.reporters.JUnitXMLReporter -->
<testsuite ignored="0" hostname="Rubaiyats-MacBook-Air.local" failures="0" tests="11" name="Default test" time="9.789" errors="0" timestamp="2023-09-23T15:22:32 BDT">
  <testcase classname="Selenium.wpDarkModeAuto" name="urlCheck" time="0.009"/>
  <testcase classname="Selenium.wpDarkModeAuto" name="loggingIn" time="0.917"/>
  <testcase classname="Selenium.wpDarkModeAuto" name="activateWpDarkMode" time="0.455"/>
  <testcase classname="Selenium.wpDarkModeAuto" name="enableBackendDarkMode" time="1.342"/>
  <testcase classname="Selenium.wpDarkModeAuto" name="checkDarkMode" time="0.019"/>
  <testcase classname="Selenium.wpDarkModeAuto" name="floatingSwitchStyle" time="0.705"/>
  <testcase classname="Selenium.wpDarkModeAuto" name="floatingSwitchSize" time="0.989"/>
  <testcase classname="Selenium.wpDarkModeAuto" name="switchPosition" time="0.634"/>
  <testcase classname="Selenium.wpDarkModeAuto" name="disableKeyboardShortcut" time="0.68"/>
  <testcase classname="Selenium.wpDarkModeAuto" name="toggleDarkmodeAnimation" time="1.23"/>
  <testcase classname="Selenium.wpDarkModeAuto" name="checkFrontend" time="0.586"/>
</testsuite> <!-- Default test -->
