<?xml version="1.0" encoding="UTF-8"?>
<!-- Generated by org.testng.reporters.JUnitXMLReporter -->
<testsuite ignored="0" hostname="Rubaiyats-MacBook-Air.local" failures="0" tests="4" name="Default test" time="4.754" errors="0" timestamp="2023-09-23T09:30:28 BDT">
  <testcase classname="Selenium.wpDarkModeAuto" name="urlCheck" time="0.008"/>
  <testcase classname="Selenium.wpDarkModeAuto" name="loggingIn" time="1.014"/>
  <testcase classname="Selenium.wpDarkModeAuto" name="activateWpDarkMode" time="0.49"/>
  <testcase classname="Selenium.wpDarkModeAuto" name="enableBackendDarkMode" time="1.195"/>
</testsuite> <!-- Default test -->
