<?xml version="1.0" encoding="UTF-8"?>
<!-- Generated by org.testng.reporters.JUnitXMLReporter -->
<testsuite ignored="10" hostname="Rubaiyats-MacBook-Air.local" failures="0" tests="1" name="Default test(failed)(failed)" time="2.872" errors="0" timestamp="2023-09-23T14:57:05 BDT">
  <testcase classname="Selenium.wpDarkModeAuto" name="checkFrontend" time="0.618"/>
  <testcase classname="Selenium.wpDarkModeAuto" name="activateWpDarkMode" time="0.0">
    <ignored/>
  </testcase> <!-- activateWpDarkMode -->
  <testcase classname="Selenium.wpDarkModeAuto" name="urlCheck" time="0.0">
    <ignored/>
  </testcase> <!-- urlCheck -->
  <testcase classname="Selenium.wpDarkModeAuto" name="enableBackendDarkMode" time="0.0">
    <ignored/>
  </testcase> <!-- enableBackendDarkMode -->
  <testcase classname="Selenium.wpDarkModeAuto" name="floatingSwitchSize" time="0.0">
    <ignored/>
  </testcase> <!-- floatingSwitchSize -->
  <testcase classname="Selenium.wpDarkModeAuto" name="loggingIn" time="0.0">
    <ignored/>
  </testcase> <!-- loggingIn -->
  <testcase classname="Selenium.wpDarkModeAuto" name="switchPosition" time="0.0">
    <ignored/>
  </testcase> <!-- switchPosition -->
  <testcase classname="Selenium.wpDarkModeAuto" name="disableKeyboardShortcut" time="0.0">
    <ignored/>
  </testcase> <!-- disableKeyboardShortcut -->
  <testcase classname="Selenium.wpDarkModeAuto" name="floatingSwitchStyle" time="0.0">
    <ignored/>
  </testcase> <!-- floatingSwitchStyle -->
  <testcase classname="Selenium.wpDarkModeAuto" name="checkDarkMode" time="0.0">
    <ignored/>
  </testcase> <!-- checkDarkMode -->
  <testcase classname="Selenium.wpDarkModeAuto" name="toggleDarkmodeAnimation" time="0.0">
    <ignored/>
  </testcase> <!-- toggleDarkmodeAnimation -->
</testsuite> <!-- Default test(failed)(failed) -->
